<?xml version="1.0" encoding="UTF-8"?>
<testng-results total="0" passed="0" failed="0" skipped="0">
  <reporter-output>
  </reporter-output>
  <suite started-at="2019-04-09T10:24:00Z" name="com.experitest.auto.BaseTest" finished-at="2019-04-09T10:24:00Z" duration-ms="6">
    <groups>
    </groups>
    <test started-at="2019-04-09T10:24:00Z" name="Command line test" finished-at="2019-04-09T10:24:00Z" duration-ms="6">
    </test> <!-- Command line test -->
  </suite> <!-- com.experitest.auto.BaseTest -->
</testng-results>
